<?xml version="1.0" encoding="UTF-8"?>
<testsuite xmlns:xsi="http://www.w3.org/2001/XMLSchema-instance" xsi:noNamespaceSchemaLocation="https://maven.apache.org/surefire/maven-surefire-plugin/xsd/surefire-test-report-3.0.xsd" version="3.0" name="org.example.TestRunnerProject.report" time="334.765" tests="19" errors="0" skipped="0" failures="3">
  <properties>
    <property name="sun.desktop" value="windows"/>
    <property name="awt.toolkit" value="sun.awt.windows.WToolkit"/>
    <property name="file.encoding.pkg" value="sun.io"/>
    <property name="java.specification.version" value="1.8"/>
    <property name="webdriver.chrome.driver" value="C:\Users\MakkaH-73\.m2\repository\webdriver\chromedriver\win32\106.0.5249.61\chromedriver.exe"/>
    <property name="sun.cpu.isalist" value="amd64"/>
    <property name="sun.jnu.encoding" value="Cp1256"/>
    <property name="java.class.path" value="C:\Users\MakkaH-73\IdeaProjects\DemoNopCommerceProject\target\test-classes;C:\Users\MakkaH-73\IdeaProjects\DemoNopCommerceProject\target\classes;C:\Users\MakkaH-73\.m2\repository\org\seleniumhq\selenium\selenium-java\4.4.0\selenium-java-4.4.0.jar;C:\Users\MakkaH-73\.m2\repository\org\seleniumhq\selenium\selenium-api\4.4.0\selenium-api-4.4.0.jar;C:\Users\MakkaH-73\.m2\repository\org\seleniumhq\selenium\selenium-chrome-driver\4.4.0\selenium-chrome-driver-4.4.0.jar;C:\Users\MakkaH-73\.m2\repository\com\google\auto\service\auto-service-annotations\1.0.1\auto-service-annotations-1.0.1.jar;C:\Users\MakkaH-73\.m2\repository\com\google\auto\service\auto-service\1.0.1\auto-service-1.0.1.jar;C:\Users\MakkaH-73\.m2\repository\com\google\auto\auto-common\1.2\auto-common-1.2.jar;C:\Users\MakkaH-73\.m2\repository\com\google\guava\guava\31.1-jre\guava-31.1-jre.jar;C:\Users\MakkaH-73\.m2\repository\com\google\guava\failureaccess\1.0.1\failureaccess-1.0.1.jar;C:\Users\MakkaH-73\.m2\repository\com\google\guava\listenablefuture\9999.0-empty-to-avoid-conflict-with-guava\listenablefuture-9999.0-empty-to-avoid-conflict-with-guava.jar;C:\Users\MakkaH-73\.m2\repository\com\google\code\findbugs\jsr305\3.0.2\jsr305-3.0.2.jar;C:\Users\MakkaH-73\.m2\repository\org\checkerframework\checker-qual\3.12.0\checker-qual-3.12.0.jar;C:\Users\MakkaH-73\.m2\repository\com\google\errorprone\error_prone_annotations\2.11.0\error_prone_annotations-2.11.0.jar;C:\Users\MakkaH-73\.m2\repository\com\google\j2objc\j2objc-annotations\1.3\j2objc-annotations-1.3.jar;C:\Users\MakkaH-73\.m2\repository\org\seleniumhq\selenium\selenium-chromium-driver\4.4.0\selenium-chromium-driver-4.4.0.jar;C:\Users\MakkaH-73\.m2\repository\org\seleniumhq\selenium\selenium-json\4.4.0\selenium-json-4.4.0.jar;C:\Users\MakkaH-73\.m2\repository\org\seleniumhq\selenium\selenium-devtools-v102\4.4.0\selenium-devtools-v102-4.4.0.jar;C:\Users\MakkaH-73\.m2\repository\org\seleniumhq\selenium\selenium-devtools-v103\4.4.0\selenium-devtools-v103-4.4.0.jar;C:\Users\MakkaH-73\.m2\repository\org\seleniumhq\selenium\selenium-devtools-v104\4.4.0\selenium-devtools-v104-4.4.0.jar;C:\Users\MakkaH-73\.m2\repository\org\seleniumhq\selenium\selenium-devtools-v85\4.4.0\selenium-devtools-v85-4.4.0.jar;C:\Users\MakkaH-73\.m2\repository\org\seleniumhq\selenium\selenium-edge-driver\4.4.0\selenium-edge-driver-4.4.0.jar;C:\Users\MakkaH-73\.m2\repository\org\seleniumhq\selenium\selenium-firefox-driver\4.4.0\selenium-firefox-driver-4.4.0.jar;C:\Users\MakkaH-73\.m2\repository\org\seleniumhq\selenium\selenium-ie-driver\4.4.0\selenium-ie-driver-4.4.0.jar;C:\Users\MakkaH-73\.m2\repository\org\seleniumhq\selenium\selenium-opera-driver\4.4.0\selenium-opera-driver-4.4.0.jar;C:\Users\MakkaH-73\.m2\repository\org\seleniumhq\selenium\selenium-remote-driver\4.4.0\selenium-remote-driver-4.4.0.jar;C:\Users\MakkaH-73\.m2\repository\com\beust\jcommander\1.82\jcommander-1.82.jar;C:\Users\MakkaH-73\.m2\repository\io\netty\netty-buffer\4.1.78.Final\netty-buffer-4.1.78.Final.jar;C:\Users\MakkaH-73\.m2\repository\io\netty\netty-codec-http\4.1.78.Final\netty-codec-http-4.1.78.Final.jar;C:\Users\MakkaH-73\.m2\repository\io\netty\netty-codec\4.1.78.Final\netty-codec-4.1.78.Final.jar;C:\Users\MakkaH-73\.m2\repository\io\netty\netty-handler\4.1.78.Final\netty-handler-4.1.78.Final.jar;C:\Users\MakkaH-73\.m2\repository\io\netty\netty-common\4.1.78.Final\netty-common-4.1.78.Final.jar;C:\Users\MakkaH-73\.m2\repository\io\netty\netty-transport-classes-epoll\4.1.78.Final\netty-transport-classes-epoll-4.1.78.Final.jar;C:\Users\MakkaH-73\.m2\repository\io\netty\netty-transport-classes-kqueue\4.1.78.Final\netty-transport-classes-kqueue-4.1.78.Final.jar;C:\Users\MakkaH-73\.m2\repository\io\netty\netty-transport-native-epoll\4.1.78.Final\netty-transport-native-epoll-4.1.78.Final.jar;C:\Users\MakkaH-73\.m2\repository\io\netty\netty-transport-native-kqueue\4.1.78.Final\netty-transport-native-kqueue-4.1.78.Final.jar;C:\Users\MakkaH-73\.m2\repository\io\netty\netty-transport-native-unix-common\4.1.78.Final\netty-transport-native-unix-common-4.1.78.Final.jar;C:\Users\MakkaH-73\.m2\repository\io\netty\netty-transport\4.1.78.Final\netty-transport-4.1.78.Final.jar;C:\Users\MakkaH-73\.m2\repository\io\netty\netty-resolver\4.1.78.Final\netty-resolver-4.1.78.Final.jar;C:\Users\MakkaH-73\.m2\repository\io\opentelemetry\opentelemetry-api\1.16.0\opentelemetry-api-1.16.0.jar;C:\Users\MakkaH-73\.m2\repository\io\opentelemetry\opentelemetry-context\1.16.0\opentelemetry-context-1.16.0.jar;C:\Users\MakkaH-73\.m2\repository\io\opentelemetry\opentelemetry-exporter-logging\1.16.0\opentelemetry-exporter-logging-1.16.0.jar;C:\Users\MakkaH-73\.m2\repository\io\opentelemetry\opentelemetry-sdk-metrics\1.16.0\opentelemetry-sdk-metrics-1.16.0.jar;C:\Users\MakkaH-73\.m2\repository\io\opentelemetry\opentelemetry-sdk-logs\1.16.0-alpha\opentelemetry-sdk-logs-1.16.0-alpha.jar;C:\Users\MakkaH-73\.m2\repository\io\opentelemetry\opentelemetry-sdk-common\1.16.0\opentelemetry-sdk-common-1.16.0.jar;C:\Users\MakkaH-73\.m2\repository\io\opentelemetry\opentelemetry-sdk-extension-autoconfigure-spi\1.16.0\opentelemetry-sdk-extension-autoconfigure-spi-1.16.0.jar;C:\Users\MakkaH-73\.m2\repository\io\opentelemetry\opentelemetry-sdk-extension-autoconfigure\1.16.0-alpha\opentelemetry-sdk-extension-autoconfigure-1.16.0-alpha.jar;C:\Users\MakkaH-73\.m2\repository\io\opentelemetry\opentelemetry-sdk-trace\1.16.0\opentelemetry-sdk-trace-1.16.0.jar;C:\Users\MakkaH-73\.m2\repository\io\opentelemetry\opentelemetry-sdk\1.16.0\opentelemetry-sdk-1.16.0.jar;C:\Users\MakkaH-73\.m2\repository\io\opentelemetry\opentelemetry-semconv\1.16.0-alpha\opentelemetry-semconv-1.16.0-alpha.jar;C:\Users\MakkaH-73\.m2\repository\io\ous\jtoml\2.0.0\jtoml-2.0.0.jar;C:\Users\MakkaH-73\.m2\repository\net\bytebuddy\byte-buddy\1.12.10\byte-buddy-1.12.10.jar;C:\Users\MakkaH-73\.m2\repository\org\apache\commons\commons-exec\1.3\commons-exec-1.3.jar;C:\Users\MakkaH-73\.m2\repository\org\asynchttpclient\async-http-client\2.12.3\async-http-client-2.12.3.jar;C:\Users\MakkaH-73\.m2\repository\org\asynchttpclient\async-http-client-netty-utils\2.12.3\async-http-client-netty-utils-2.12.3.jar;C:\Users\MakkaH-73\.m2\repository\io\netty\netty-codec-socks\4.1.60.Final\netty-codec-socks-4.1.60.Final.jar;C:\Users\MakkaH-73\.m2\repository\io\netty\netty-handler-proxy\4.1.60.Final\netty-handler-proxy-4.1.60.Final.jar;C:\Users\MakkaH-73\.m2\repository\io\netty\netty-transport-native-epoll\4.1.60.Final\netty-transport-native-epoll-4.1.60.Final-linux-x86_64.jar;C:\Users\MakkaH-73\.m2\repository\io\netty\netty-transport-native-kqueue\4.1.60.Final\netty-transport-native-kqueue-4.1.60.Final-osx-x86_64.jar;C:\Users\MakkaH-73\.m2\repository\org\reactivestreams\reactive-streams\1.0.3\reactive-streams-1.0.3.jar;C:\Users\MakkaH-73\.m2\repository\com\typesafe\netty\netty-reactive-streams\2.0.4\netty-reactive-streams-2.0.4.jar;C:\Users\MakkaH-73\.m2\repository\com\sun\activation\jakarta.activation\1.2.2\jakarta.activation-1.2.2.jar;C:\Users\MakkaH-73\.m2\repository\org\seleniumhq\selenium\selenium-http\4.4.0\selenium-http-4.4.0.jar;C:\Users\MakkaH-73\.m2\repository\dev\failsafe\failsafe\3.2.4\failsafe-3.2.4.jar;C:\Users\MakkaH-73\.m2\repository\org\seleniumhq\selenium\selenium-safari-driver\4.4.0\selenium-safari-driver-4.4.0.jar;C:\Users\MakkaH-73\.m2\repository\org\seleniumhq\selenium\selenium-support\4.4.0\selenium-support-4.4.0.jar;C:\Users\MakkaH-73\.m2\repository\io\cucumber\cucumber-java\7.2.3\cucumber-java-7.2.3.jar;C:\Users\MakkaH-73\.m2\repository\io\cucumber\cucumber-core\7.2.3\cucumber-core-7.2.3.jar;C:\Users\MakkaH-73\.m2\repository\io\cucumber\cucumber-gherkin\7.2.3\cucumber-gherkin-7.2.3.jar;C:\Users\MakkaH-73\.m2\repository\io\cucumber\cucumber-gherkin-messages\7.2.3\cucumber-gherkin-messages-7.2.3.jar;C:\Users\MakkaH-73\.m2\repository\io\cucumber\messages\17.1.1\messages-17.1.1.jar;C:\Users\MakkaH-73\.m2\repository\io\cucumber\tag-expressions\4.1.0\tag-expressions-4.1.0.jar;C:\Users\MakkaH-73\.m2\repository\io\cucumber\cucumber-expressions\15.0.1\cucumber-expressions-15.0.1.jar;C:\Users\MakkaH-73\.m2\repository\io\cucumber\datatable\7.2.3\datatable-7.2.3.jar;C:\Users\MakkaH-73\.m2\repository\io\cucumber\cucumber-plugin\7.2.3\cucumber-plugin-7.2.3.jar;C:\Users\MakkaH-73\.m2\repository\io\cucumber\docstring\7.2.3\docstring-7.2.3.jar;C:\Users\MakkaH-73\.m2\repository\io\cucumber\html-formatter\17.0.0\html-formatter-17.0.0.jar;C:\Users\MakkaH-73\.m2\repository\io\cucumber\ci-environment\8.1.0\ci-environment-8.1.0.jar;C:\Users\MakkaH-73\.m2\repository\org\apiguardian\apiguardian-api\1.1.2\apiguardian-api-1.1.2.jar;C:\Users\MakkaH-73\.m2\repository\io\cucumber\cucumber-testng\7.2.3\cucumber-testng-7.2.3.jar;C:\Users\MakkaH-73\.m2\repository\org\testng\testng\7.4.0\testng-7.4.0.jar;C:\Users\MakkaH-73\.m2\repository\org\webjars\jquery\3.5.1\jquery-3.5.1.jar;C:\Users\MakkaH-73\.m2\repository\io\github\bonigarcia\webdrivermanager\3.8.1\webdrivermanager-3.8.1.jar;C:\Users\MakkaH-73\.m2\repository\org\slf4j\slf4j-api\1.7.25\slf4j-api-1.7.25.jar;C:\Users\MakkaH-73\.m2\repository\commons-io\commons-io\2.6\commons-io-2.6.jar;C:\Users\MakkaH-73\.m2\repository\com\google\code\gson\gson\2.8.5\gson-2.8.5.jar;C:\Users\MakkaH-73\.m2\repository\org\apache\commons\commons-lang3\3.8.1\commons-lang3-3.8.1.jar;C:\Users\MakkaH-73\.m2\repository\org\apache\httpcomponents\httpclient\4.5.6\httpclient-4.5.6.jar;C:\Users\MakkaH-73\.m2\repository\org\apache\httpcomponents\httpcore\4.4.10\httpcore-4.4.10.jar;C:\Users\MakkaH-73\.m2\repository\commons-logging\commons-logging\1.2\commons-logging-1.2.jar;C:\Users\MakkaH-73\.m2\repository\commons-codec\commons-codec\1.10\commons-codec-1.10.jar;C:\Users\MakkaH-73\.m2\repository\org\rauschig\jarchivelib\1.0.0\jarchivelib-1.0.0.jar;C:\Users\MakkaH-73\.m2\repository\org\apache\commons\commons-compress\1.18\commons-compress-1.18.jar;C:\Users\MakkaH-73\.m2\repository\org\jsoup\jsoup\1.11.3\jsoup-1.11.3.jar;"/>
    <property name="java.vm.vendor" value="Oracle Corporation"/>
    <property name="sun.arch.data.model" value="64"/>
    <property name="user.variant" value=""/>
    <property name="java.vendor.url" value="http://java.oracle.com/"/>
    <property name="user.timezone" value="Africa/Cairo"/>
    <property name="user.country.format" value="EG"/>
    <property name="java.vm.specification.version" value="1.8"/>
    <property name="os.name" value="Windows 10"/>
    <property name="user.country" value="US"/>
    <property name="sun.java.launcher" value="SUN_STANDARD"/>
    <property name="sun.boot.library.path" value="C:\Program Files\Java\jdk1.8.0_311\jre\bin"/>
    <property name="sun.java.command" value="C:\Users\MakkaH-73\AppData\Local\Temp\surefire380271389721154731\surefirebooter5957849434450189058.jar C:\Users\MakkaH-73\AppData\Local\Temp\surefire380271389721154731 2022-10-11T21-12-27_281-jvmRun1 surefire4004970074010867819tmp surefire_08900409726630015364tmp"/>
    <property name="surefire.test.class.path" value="C:\Users\MakkaH-73\IdeaProjects\DemoNopCommerceProject\target\test-classes;C:\Users\MakkaH-73\IdeaProjects\DemoNopCommerceProject\target\classes;C:\Users\MakkaH-73\.m2\repository\org\seleniumhq\selenium\selenium-java\4.4.0\selenium-java-4.4.0.jar;C:\Users\MakkaH-73\.m2\repository\org\seleniumhq\selenium\selenium-api\4.4.0\selenium-api-4.4.0.jar;C:\Users\MakkaH-73\.m2\repository\org\seleniumhq\selenium\selenium-chrome-driver\4.4.0\selenium-chrome-driver-4.4.0.jar;C:\Users\MakkaH-73\.m2\repository\com\google\auto\service\auto-service-annotations\1.0.1\auto-service-annotations-1.0.1.jar;C:\Users\MakkaH-73\.m2\repository\com\google\auto\service\auto-service\1.0.1\auto-service-1.0.1.jar;C:\Users\MakkaH-73\.m2\repository\com\google\auto\auto-common\1.2\auto-common-1.2.jar;C:\Users\MakkaH-73\.m2\repository\com\google\guava\guava\31.1-jre\guava-31.1-jre.jar;C:\Users\MakkaH-73\.m2\repository\com\google\guava\failureaccess\1.0.1\failureaccess-1.0.1.jar;C:\Users\MakkaH-73\.m2\repository\com\google\guava\listenablefuture\9999.0-empty-to-avoid-conflict-with-guava\listenablefuture-9999.0-empty-to-avoid-conflict-with-guava.jar;C:\Users\MakkaH-73\.m2\repository\com\google\code\findbugs\jsr305\3.0.2\jsr305-3.0.2.jar;C:\Users\MakkaH-73\.m2\repository\org\checkerframework\checker-qual\3.12.0\checker-qual-3.12.0.jar;C:\Users\MakkaH-73\.m2\repository\com\google\errorprone\error_prone_annotations\2.11.0\error_prone_annotations-2.11.0.jar;C:\Users\MakkaH-73\.m2\repository\com\google\j2objc\j2objc-annotations\1.3\j2objc-annotations-1.3.jar;C:\Users\MakkaH-73\.m2\repository\org\seleniumhq\selenium\selenium-chromium-driver\4.4.0\selenium-chromium-driver-4.4.0.jar;C:\Users\MakkaH-73\.m2\repository\org\seleniumhq\selenium\selenium-json\4.4.0\selenium-json-4.4.0.jar;C:\Users\MakkaH-73\.m2\repository\org\seleniumhq\selenium\selenium-devtools-v102\4.4.0\selenium-devtools-v102-4.4.0.jar;C:\Users\MakkaH-73\.m2\repository\org\seleniumhq\selenium\selenium-devtools-v103\4.4.0\selenium-devtools-v103-4.4.0.jar;C:\Users\MakkaH-73\.m2\repository\org\seleniumhq\selenium\selenium-devtools-v104\4.4.0\selenium-devtools-v104-4.4.0.jar;C:\Users\MakkaH-73\.m2\repository\org\seleniumhq\selenium\selenium-devtools-v85\4.4.0\selenium-devtools-v85-4.4.0.jar;C:\Users\MakkaH-73\.m2\repository\org\seleniumhq\selenium\selenium-edge-driver\4.4.0\selenium-edge-driver-4.4.0.jar;C:\Users\MakkaH-73\.m2\repository\org\seleniumhq\selenium\selenium-firefox-driver\4.4.0\selenium-firefox-driver-4.4.0.jar;C:\Users\MakkaH-73\.m2\repository\org\seleniumhq\selenium\selenium-ie-driver\4.4.0\selenium-ie-driver-4.4.0.jar;C:\Users\MakkaH-73\.m2\repository\org\seleniumhq\selenium\selenium-opera-driver\4.4.0\selenium-opera-driver-4.4.0.jar;C:\Users\MakkaH-73\.m2\repository\org\seleniumhq\selenium\selenium-remote-driver\4.4.0\selenium-remote-driver-4.4.0.jar;C:\Users\MakkaH-73\.m2\repository\com\beust\jcommander\1.82\jcommander-1.82.jar;C:\Users\MakkaH-73\.m2\repository\io\netty\netty-buffer\4.1.78.Final\netty-buffer-4.1.78.Final.jar;C:\Users\MakkaH-73\.m2\repository\io\netty\netty-codec-http\4.1.78.Final\netty-codec-http-4.1.78.Final.jar;C:\Users\MakkaH-73\.m2\repository\io\netty\netty-codec\4.1.78.Final\netty-codec-4.1.78.Final.jar;C:\Users\MakkaH-73\.m2\repository\io\netty\netty-handler\4.1.78.Final\netty-handler-4.1.78.Final.jar;C:\Users\MakkaH-73\.m2\repository\io\netty\netty-common\4.1.78.Final\netty-common-4.1.78.Final.jar;C:\Users\MakkaH-73\.m2\repository\io\netty\netty-transport-classes-epoll\4.1.78.Final\netty-transport-classes-epoll-4.1.78.Final.jar;C:\Users\MakkaH-73\.m2\repository\io\netty\netty-transport-classes-kqueue\4.1.78.Final\netty-transport-classes-kqueue-4.1.78.Final.jar;C:\Users\MakkaH-73\.m2\repository\io\netty\netty-transport-native-epoll\4.1.78.Final\netty-transport-native-epoll-4.1.78.Final.jar;C:\Users\MakkaH-73\.m2\repository\io\netty\netty-transport-native-kqueue\4.1.78.Final\netty-transport-native-kqueue-4.1.78.Final.jar;C:\Users\MakkaH-73\.m2\repository\io\netty\netty-transport-native-unix-common\4.1.78.Final\netty-transport-native-unix-common-4.1.78.Final.jar;C:\Users\MakkaH-73\.m2\repository\io\netty\netty-transport\4.1.78.Final\netty-transport-4.1.78.Final.jar;C:\Users\MakkaH-73\.m2\repository\io\netty\netty-resolver\4.1.78.Final\netty-resolver-4.1.78.Final.jar;C:\Users\MakkaH-73\.m2\repository\io\opentelemetry\opentelemetry-api\1.16.0\opentelemetry-api-1.16.0.jar;C:\Users\MakkaH-73\.m2\repository\io\opentelemetry\opentelemetry-context\1.16.0\opentelemetry-context-1.16.0.jar;C:\Users\MakkaH-73\.m2\repository\io\opentelemetry\opentelemetry-exporter-logging\1.16.0\opentelemetry-exporter-logging-1.16.0.jar;C:\Users\MakkaH-73\.m2\repository\io\opentelemetry\opentelemetry-sdk-metrics\1.16.0\opentelemetry-sdk-metrics-1.16.0.jar;C:\Users\MakkaH-73\.m2\repository\io\opentelemetry\opentelemetry-sdk-logs\1.16.0-alpha\opentelemetry-sdk-logs-1.16.0-alpha.jar;C:\Users\MakkaH-73\.m2\repository\io\opentelemetry\opentelemetry-sdk-common\1.16.0\opentelemetry-sdk-common-1.16.0.jar;C:\Users\MakkaH-73\.m2\repository\io\opentelemetry\opentelemetry-sdk-extension-autoconfigure-spi\1.16.0\opentelemetry-sdk-extension-autoconfigure-spi-1.16.0.jar;C:\Users\MakkaH-73\.m2\repository\io\opentelemetry\opentelemetry-sdk-extension-autoconfigure\1.16.0-alpha\opentelemetry-sdk-extension-autoconfigure-1.16.0-alpha.jar;C:\Users\MakkaH-73\.m2\repository\io\opentelemetry\opentelemetry-sdk-trace\1.16.0\opentelemetry-sdk-trace-1.16.0.jar;C:\Users\MakkaH-73\.m2\repository\io\opentelemetry\opentelemetry-sdk\1.16.0\opentelemetry-sdk-1.16.0.jar;C:\Users\MakkaH-73\.m2\repository\io\opentelemetry\opentelemetry-semconv\1.16.0-alpha\opentelemetry-semconv-1.16.0-alpha.jar;C:\Users\MakkaH-73\.m2\repository\io\ous\jtoml\2.0.0\jtoml-2.0.0.jar;C:\Users\MakkaH-73\.m2\repository\net\bytebuddy\byte-buddy\1.12.10\byte-buddy-1.12.10.jar;C:\Users\MakkaH-73\.m2\repository\org\apache\commons\commons-exec\1.3\commons-exec-1.3.jar;C:\Users\MakkaH-73\.m2\repository\org\asynchttpclient\async-http-client\2.12.3\async-http-client-2.12.3.jar;C:\Users\MakkaH-73\.m2\repository\org\asynchttpclient\async-http-client-netty-utils\2.12.3\async-http-client-netty-utils-2.12.3.jar;C:\Users\MakkaH-73\.m2\repository\io\netty\netty-codec-socks\4.1.60.Final\netty-codec-socks-4.1.60.Final.jar;C:\Users\MakkaH-73\.m2\repository\io\netty\netty-handler-proxy\4.1.60.Final\netty-handler-proxy-4.1.60.Final.jar;C:\Users\MakkaH-73\.m2\repository\io\netty\netty-transport-native-epoll\4.1.60.Final\netty-transport-native-epoll-4.1.60.Final-linux-x86_64.jar;C:\Users\MakkaH-73\.m2\repository\io\netty\netty-transport-native-kqueue\4.1.60.Final\netty-transport-native-kqueue-4.1.60.Final-osx-x86_64.jar;C:\Users\MakkaH-73\.m2\repository\org\reactivestreams\reactive-streams\1.0.3\reactive-streams-1.0.3.jar;C:\Users\MakkaH-73\.m2\repository\com\typesafe\netty\netty-reactive-streams\2.0.4\netty-reactive-streams-2.0.4.jar;C:\Users\MakkaH-73\.m2\repository\com\sun\activation\jakarta.activation\1.2.2\jakarta.activation-1.2.2.jar;C:\Users\MakkaH-73\.m2\repository\org\seleniumhq\selenium\selenium-http\4.4.0\selenium-http-4.4.0.jar;C:\Users\MakkaH-73\.m2\repository\dev\failsafe\failsafe\3.2.4\failsafe-3.2.4.jar;C:\Users\MakkaH-73\.m2\repository\org\seleniumhq\selenium\selenium-safari-driver\4.4.0\selenium-safari-driver-4.4.0.jar;C:\Users\MakkaH-73\.m2\repository\org\seleniumhq\selenium\selenium-support\4.4.0\selenium-support-4.4.0.jar;C:\Users\MakkaH-73\.m2\repository\io\cucumber\cucumber-java\7.2.3\cucumber-java-7.2.3.jar;C:\Users\MakkaH-73\.m2\repository\io\cucumber\cucumber-core\7.2.3\cucumber-core-7.2.3.jar;C:\Users\MakkaH-73\.m2\repository\io\cucumber\cucumber-gherkin\7.2.3\cucumber-gherkin-7.2.3.jar;C:\Users\MakkaH-73\.m2\repository\io\cucumber\cucumber-gherkin-messages\7.2.3\cucumber-gherkin-messages-7.2.3.jar;C:\Users\MakkaH-73\.m2\repository\io\cucumber\messages\17.1.1\messages-17.1.1.jar;C:\Users\MakkaH-73\.m2\repository\io\cucumber\tag-expressions\4.1.0\tag-expressions-4.1.0.jar;C:\Users\MakkaH-73\.m2\repository\io\cucumber\cucumber-expressions\15.0.1\cucumber-expressions-15.0.1.jar;C:\Users\MakkaH-73\.m2\repository\io\cucumber\datatable\7.2.3\datatable-7.2.3.jar;C:\Users\MakkaH-73\.m2\repository\io\cucumber\cucumber-plugin\7.2.3\cucumber-plugin-7.2.3.jar;C:\Users\MakkaH-73\.m2\repository\io\cucumber\docstring\7.2.3\docstring-7.2.3.jar;C:\Users\MakkaH-73\.m2\repository\io\cucumber\html-formatter\17.0.0\html-formatter-17.0.0.jar;C:\Users\MakkaH-73\.m2\repository\io\cucumber\ci-environment\8.1.0\ci-environment-8.1.0.jar;C:\Users\MakkaH-73\.m2\repository\org\apiguardian\apiguardian-api\1.1.2\apiguardian-api-1.1.2.jar;C:\Users\MakkaH-73\.m2\repository\io\cucumber\cucumber-testng\7.2.3\cucumber-testng-7.2.3.jar;C:\Users\MakkaH-73\.m2\repository\org\testng\testng\7.4.0\testng-7.4.0.jar;C:\Users\MakkaH-73\.m2\repository\org\webjars\jquery\3.5.1\jquery-3.5.1.jar;C:\Users\MakkaH-73\.m2\repository\io\github\bonigarcia\webdrivermanager\3.8.1\webdrivermanager-3.8.1.jar;C:\Users\MakkaH-73\.m2\repository\org\slf4j\slf4j-api\1.7.25\slf4j-api-1.7.25.jar;C:\Users\MakkaH-73\.m2\repository\commons-io\commons-io\2.6\commons-io-2.6.jar;C:\Users\MakkaH-73\.m2\repository\com\google\code\gson\gson\2.8.5\gson-2.8.5.jar;C:\Users\MakkaH-73\.m2\repository\org\apache\commons\commons-lang3\3.8.1\commons-lang3-3.8.1.jar;C:\Users\MakkaH-73\.m2\repository\org\apache\httpcomponents\httpclient\4.5.6\httpclient-4.5.6.jar;C:\Users\MakkaH-73\.m2\repository\org\apache\httpcomponents\httpcore\4.4.10\httpcore-4.4.10.jar;C:\Users\MakkaH-73\.m2\repository\commons-logging\commons-logging\1.2\commons-logging-1.2.jar;C:\Users\MakkaH-73\.m2\repository\commons-codec\commons-codec\1.10\commons-codec-1.10.jar;C:\Users\MakkaH-73\.m2\repository\org\rauschig\jarchivelib\1.0.0\jarchivelib-1.0.0.jar;C:\Users\MakkaH-73\.m2\repository\org\apache\commons\commons-compress\1.18\commons-compress-1.18.jar;C:\Users\MakkaH-73\.m2\repository\org\jsoup\jsoup\1.11.3\jsoup-1.11.3.jar;"/>
    <property name="sun.cpu.endian" value="little"/>
    <property name="user.home" value="C:\Users\MakkaH-73"/>
    <property name="user.language" value="en"/>
    <property name="java.specification.vendor" value="Oracle Corporation"/>
    <property name="java.home" value="C:\Program Files\Java\jdk1.8.0_311\jre"/>
    <property name="basedir" value="C:\Users\MakkaH-73\IdeaProjects\DemoNopCommerceProject"/>
    <property name="file.separator" value="\"/>
    <property name="line.separator" value="&#10;"/>
    <property name="java.vm.specification.vendor" value="Oracle Corporation"/>
    <property name="java.specification.name" value="Java Platform API Specification"/>
    <property name="java.awt.graphicsenv" value="sun.awt.Win32GraphicsEnvironment"/>
    <property name="surefire.real.class.path" value="C:\Users\MakkaH-73\AppData\Local\Temp\surefire380271389721154731\surefirebooter5957849434450189058.jar"/>
    <property name="sun.boot.class.path" value="C:\Program Files\Java\jdk1.8.0_311\jre\lib\resources.jar;C:\Program Files\Java\jdk1.8.0_311\jre\lib\rt.jar;C:\Program Files\Java\jdk1.8.0_311\jre\lib\sunrsasign.jar;C:\Program Files\Java\jdk1.8.0_311\jre\lib\jsse.jar;C:\Program Files\Java\jdk1.8.0_311\jre\lib\jce.jar;C:\Program Files\Java\jdk1.8.0_311\jre\lib\charsets.jar;C:\Program Files\Java\jdk1.8.0_311\jre\lib\jfr.jar;C:\Program Files\Java\jdk1.8.0_311\jre\classes"/>
    <property name="user.script" value=""/>
    <property name="sun.management.compiler" value="HotSpot 64-Bit Tiered Compilers"/>
    <property name="java.runtime.version" value="1.8.0_311-b11"/>
    <property name="user.name" value="MakkaH-73"/>
    <property name="path.separator" value=";"/>
    <property name="os.version" value="10.0"/>
    <property name="java.endorsed.dirs" value="C:\Program Files\Java\jdk1.8.0_311\jre\lib\endorsed"/>
    <property name="java.runtime.name" value="Java(TM) SE Runtime Environment"/>
    <property name="file.encoding" value="Cp1256"/>
    <property name="java.vm.name" value="Java HotSpot(TM) 64-Bit Server VM"/>
    <property name="localRepository" value="C:\Users\MakkaH-73\.m2\repository"/>
    <property name="java.vendor.url.bug" value="http://bugreport.sun.com/bugreport/"/>
    <property name="java.io.tmpdir" value="C:\Users\MAKKAH~1\AppData\Local\Temp\"/>
    <property name="idea.version" value="2022.2.1"/>
    <property name="java.version" value="1.8.0_311"/>
    <property name="user.dir" value="C:\Users\MakkaH-73\IdeaProjects\DemoNopCommerceProject"/>
    <property name="os.arch" value="amd64"/>
    <property name="java.vm.specification.name" value="Java Virtual Machine Specification"/>
    <property name="java.awt.printerjob" value="sun.awt.windows.WPrinterJob"/>
    <property name="user.language.format" value="ar"/>
    <property name="sun.os.patch.level" value=""/>
    <property name="java.library.path" value="C:\Program Files\Java\jdk1.8.0_311\jre\bin;C:\WINDOWS\Sun\Java\bin;C:\WINDOWS\system32;C:\WINDOWS;C:\Program Files (x86)\Common Files\Oracle\Java\javapath;C:\Windows\system32;C:\Windows;C:\Windows\System32\Wbem;C:\Windows\System32\WindowsPowerShell\v1.0\;C:\Program Files (x86)\NVIDIA Corporation\PhysX\Common;C:\Users\MakkaH-73\.dnx\bin;C:\Program Files\Microsoft DNX\Dnvm\;C:\Program Files (x86)\Windows Kits\8.1\Windows Performance Toolkit\;C:\Program Files\Microsoft SQL Server\120\Tools\Binn\;C:\Program Files\Microsoft SQL Server\130\Tools\Binn\;C:\WINDOWS\system32;C:\WINDOWS;C:\WINDOWS\System32\Wbem;C:\WINDOWS\System32\WindowsPowerShell\v1.0\;C:\WINDOWS\System32\OpenSSH\;C:\Program Files\Microsoft SQL Server\Client SDK\ODBC\110\Tools\Binn\;C:\Program Files (x86)\Microsoft SQL Server\120\Tools\Binn\;C:\Program Files\Microsoft SQL Server\120\DTS\Binn\;C:\Program Files (x86)\Microsoft SQL Server\120\Tools\Binn\ManagementStudio\;C:\Program Files (x86)\Microsoft SQL Server\120\DTS\Binn\;C:\Program Files\Java\jdk-11.0.1\bin;C:\Program Files\Git\cmd;C:\Program Files\Java\jdk1.8.0_311\bin;C:\Program Files\JetBrains\IntelliJ IDEA Community Edition 2022.2.1\plugins\maven\lib\maven3\bin;C:\Program Files\MySQL\MySQL Shell 8.0\bin\;C:\Users\MakkaH-73\AppData\Local\Microsoft\WindowsApps;;."/>
    <property name="java.vm.info" value="mixed mode"/>
    <property name="java.vendor" value="Oracle Corporation"/>
    <property name="java.vm.version" value="25.311-b11"/>
    <property name="java.ext.dirs" value="C:\Program Files\Java\jdk1.8.0_311\jre\lib\ext;C:\WINDOWS\Sun\Java\lib\ext"/>
    <property name="sun.io.unicode.encoding" value="UnicodeLittle"/>
    <property name="java.class.version" value="52.0"/>
  </properties>
  <testcase name="runScenario" classname="org.example.TestRunnerProject.report" time="23.976"/>
  <testcase name="runScenario" classname="org.example.TestRunnerProject.report" time="16.119"/>
  <testcase name="runScenario" classname="org.example.TestRunnerProject.report" time="32.018"/>
  <testcase name="runScenario" classname="org.example.TestRunnerProject.report" time="11.185"/>
  <testcase name="runScenario" classname="org.example.TestRunnerProject.report" time="12.189"/>
  <testcase name="runScenario" classname="org.example.TestRunnerProject.report" time="14.79"/>
  <testcase name="runScenario" classname="org.example.TestRunnerProject.report" time="13.844"/>
  <testcase name="runScenario" classname="org.example.TestRunnerProject.report" time="30.757"/>
  <testcase name="runScenario" classname="org.example.TestRunnerProject.report" time="17.884"/>
  <testcase name="runScenario" classname="org.example.TestRunnerProject.report" time="17.768"/>
  <testcase name="runScenario" classname="org.example.TestRunnerProject.report" time="26.53"/>
  <testcase name="runScenario" classname="org.example.TestRunnerProject.report" time="12.617">
    <failure message="expected [https://demo.nopcommerce.com/iphone-6] but found [https://demo.nopcommerce.com/]" type="java.lang.AssertionError"><![CDATA[java.lang.AssertionError: expected [https://demo.nopcommerce.com/iphone-6] but found [https://demo.nopcommerce.com/]
]]></failure>
    <system-out><![CDATA[
@SmokeTest
Scenario: first slider is clickable on home page      &amp#27;[90m# src/main/resources/ProjectFeatures/F06_SlidersWrapper.feature:4&amp#27;[0m
  &amp#27;[32mGiven &amp#27;[0m&amp#27;[32muser clicks on first slider&amp#27;[0m                   &amp#27;[90m# org.example.StepDefinitions.D06_SlidersWrapperStepD.click_First_SliderWrapper()&amp#27;[0m
https://demo.nopcommerce.com/
  &amp#27;[31mThen &amp#27;[0m&amp#27;[31mrelative product for first slider is displayed&amp#27;[0m &amp#27;[90m# org.example.StepDefinitions.D06_SlidersWrapperStepD.displayedFirstSlider()&amp#27;[0m
      &amp#27;[31mjava.lang.AssertionError: expected [https://demo.nopcommerce.com/iphone-6] but found [https://demo.nopcommerce.com/]
	at org.testng.Assert.fail(Assert.java:99)
	at org.testng.Assert.failNotEquals(Assert.java:1037)
	at org.testng.Assert.assertEqualsImpl(Assert.java:140)
	at org.testng.Assert.assertEquals(Assert.java:122)
	at org.testng.Assert.assertEquals(Assert.java:629)
	at org.testng.Assert.assertEquals(Assert.java:639)
	at org.example.StepDefinitions.D06_SlidersWrapperStepD.displayedFirstSlider(D06_SlidersWrapperStepD.java:30)
	at âœ½.relative product for first slider is displayed(file:///C:/Users/MakkaH-73/IdeaProjects/DemoNopCommerceProject/src/main/resources/ProjectFeatures/F06_SlidersWrapper.feature:6)
&amp#27;[0m
]]></system-out>
    <system-err><![CDATA[Starting ChromeDriver 106.0.5249.61 (511755355844955cd3e264779baf0dd38212a4d0-refs/branch-heads/5249@{#569}) on port 58705
Only local connections are allowed.
Please see https://chromedriver.chromium.org/security-considerations for suggestions on keeping ChromeDriver safe.
ChromeDriver was started successfully.
أكت 11, 2022 9:16:11 م org.openqa.selenium.remote.ProtocolHandshake createSession
INFO: Detected upstream dialect: W3C
أكت 11, 2022 9:16:11 م org.openqa.selenium.devtools.CdpVersionFinder findNearestMatch
WARNING: Unable to find an exact match for CDP version 106, so returning the closest version found: 104
أكت 11, 2022 9:16:11 م org.openqa.selenium.devtools.CdpVersionFinder findNearestMatch
INFO: Found CDP implementation for version 106 of 104
]]></system-err>
  </testcase>
  <testcase name="runScenario" classname="org.example.TestRunnerProject.report" time="15.998">
    <failure message="expected [https://demo.nopcommerce.com/nokia-lumia-1020] but found [https://demo.nopcommerce.com/]" type="java.lang.AssertionError"><![CDATA[java.lang.AssertionError: expected [https://demo.nopcommerce.com/nokia-lumia-1020] but found [https://demo.nopcommerce.com/]
]]></failure>
    <system-out><![CDATA[
@SmokeTest
Scenario: second slider is clickable on home page      &amp#27;[90m# src/main/resources/ProjectFeatures/F06_SlidersWrapper.feature:8&amp#27;[0m
  &amp#27;[32mGiven &amp#27;[0m&amp#27;[32muser clicks on second slider&amp#27;[0m                   &amp#27;[90m# org.example.StepDefinitions.D06_SlidersWrapperStepD.Second_Slider()&amp#27;[0m
  &amp#27;[31mThen &amp#27;[0m&amp#27;[31mrelative product for second slider is displayed&amp#27;[0m &amp#27;[90m# org.example.StepDefinitions.D06_SlidersWrapperStepD.SecondSlider()&amp#27;[0m
      &amp#27;[31mjava.lang.AssertionError: expected [https://demo.nopcommerce.com/nokia-lumia-1020] but found [https://demo.nopcommerce.com/]
	at org.testng.Assert.fail(Assert.java:99)
	at org.testng.Assert.failNotEquals(Assert.java:1037)
	at org.testng.Assert.assertEqualsImpl(Assert.java:140)
	at org.testng.Assert.assertEquals(Assert.java:122)
	at org.testng.Assert.assertEquals(Assert.java:629)
	at org.testng.Assert.assertEquals(Assert.java:639)
	at org.example.StepDefinitions.D06_SlidersWrapperStepD.SecondSlider(D06_SlidersWrapperStepD.java:43)
	at âœ½.relative product for second slider is displayed(file:///C:/Users/MakkaH-73/IdeaProjects/DemoNopCommerceProject/src/main/resources/ProjectFeatures/F06_SlidersWrapper.feature:10)
&amp#27;[0m
]]></system-out>
    <system-err><![CDATA[Starting ChromeDriver 106.0.5249.61 (511755355844955cd3e264779baf0dd38212a4d0-refs/branch-heads/5249@{#569}) on port 51821
Only local connections are allowed.
Please see https://chromedriver.chromium.org/security-considerations for suggestions on keeping ChromeDriver safe.
ChromeDriver was started successfully.
أكت 11, 2022 9:16:24 م org.openqa.selenium.remote.ProtocolHandshake createSession
INFO: Detected upstream dialect: W3C
أكت 11, 2022 9:16:24 م org.openqa.selenium.devtools.CdpVersionFinder findNearestMatch
WARNING: Unable to find an exact match for CDP version 106, so returning the closest version found: 104
أكت 11, 2022 9:16:24 م org.openqa.selenium.devtools.CdpVersionFinder findNearestMatch
INFO: Found CDP implementation for version 106 of 104
]]></system-err>
  </testcase>
  <testcase name="runScenario" classname="org.example.TestRunnerProject.report" time="13.938"/>
  <testcase name="runScenario" classname="org.example.TestRunnerProject.report" time="14.568"/>
  <testcase name="runScenario" classname="org.example.TestRunnerProject.report" time="11.227">
    <failure message="Index: 1, Size: 1" type="java.lang.IndexOutOfBoundsException"><![CDATA[java.lang.IndexOutOfBoundsException: Index: 1, Size: 1
]]></failure>
    <system-out><![CDATA[
@SmokeTest
Scenario: user could open rss link successfully                                              &amp#27;[90m# src/main/resources/ProjectFeatures/F07_FollowUs.feature:12&amp#27;[0m
  &amp#27;[32mWhen &amp#27;[0m&amp#27;[32muser opens rss link&amp#27;[0m                                                                   &amp#27;[90m# org.example.StepDefinitions.D07_FollowUsStepD.openRss()&amp#27;[0m
1
  &amp#27;[31mThen &amp#27;[0m&amp#27;[31m"&amp#27;[0m&amp#27;[31m&amp#27;[1mhttps://demo.nopcommerce.com/new-online-store-is-open&amp#27;[0m&amp#27;[31m" The link is opened in new tab&amp#27;[0m &amp#27;[90m# org.example.StepDefinitions.D07_FollowUsStepD.newTabOpened(java.lang.String)&amp#27;[0m
      &amp#27;[31mjava.lang.IndexOutOfBoundsException: Index: 1, Size: 1
	at java.util.ArrayList.rangeCheck(ArrayList.java:659)
	at java.util.ArrayList.get(ArrayList.java:435)
	at org.example.StepDefinitions.D07_FollowUsStepD.newTabOpened(D07_FollowUsStepD.java:46)
	at âœ½."https://demo.nopcommerce.com/new-online-store-is-open" The link is opened in new tab(file:///C:/Users/MakkaH-73/IdeaProjects/DemoNopCommerceProject/src/main/resources/ProjectFeatures/F07_FollowUs.feature:14)
&amp#27;[0m
]]></system-out>
    <system-err><![CDATA[Starting ChromeDriver 106.0.5249.61 (511755355844955cd3e264779baf0dd38212a4d0-refs/branch-heads/5249@{#569}) on port 60080
Only local connections are allowed.
Please see https://chromedriver.chromium.org/security-considerations for suggestions on keeping ChromeDriver safe.
ChromeDriver was started successfully.
أكت 11, 2022 9:17:08 م org.openqa.selenium.remote.ProtocolHandshake createSession
INFO: Detected upstream dialect: W3C
أكت 11, 2022 9:17:08 م org.openqa.selenium.devtools.CdpVersionFinder findNearestMatch
WARNING: Unable to find an exact match for CDP version 106, so returning the closest version found: 104
أكت 11, 2022 9:17:08 م org.openqa.selenium.devtools.CdpVersionFinder findNearestMatch
INFO: Found CDP implementation for version 106 of 104
]]></system-err>
  </testcase>
  <testcase name="runScenario" classname="org.example.TestRunnerProject.report" time="18.901"/>
  <testcase name="runScenario" classname="org.example.TestRunnerProject.report" time="13.741"/>
  <testcase name="runScenario" classname="org.example.TestRunnerProject.report" time="13.873"/>
</testsuite>